<?xml version="1.0" encoding="UTF-8"?>
<testsuite xmlns:xsi="http://www.w3.org/2001/XMLSchema-instance" xsi:noNamespaceSchemaLocation="https://maven.apache.org/surefire/maven-surefire-plugin/xsd/surefire-test-report.xsd" version="3.0.2" name="com.leokenzley.templatesecapi.entrypoints.web.handler.model.ErrorAPITest" time="0.011" tests="4" errors="0" skipped="0" failures="0">
  <properties>
[...]
</properties>
  <testcase name="testErrorAPISettersAndGetters" classname="com.leokenzley.templatesecapi.entrypoints.web.handler.model.ErrorAPITest" time="0.001"/>
  <testcase name="testErrorAPIEqualsAndHashCode" classname="com.leokenzley.templatesecapi.entrypoints.web.handler.model.ErrorAPITest" time="0.001"/>
  <testcase name="testErrorAPIConstructor" classname="com.leokenzley.templatesecapi.entrypoints.web.handler.model.ErrorAPITest" time="0.0"/>
  <testcase name="testErrorAPIToString" classname="com.leokenzley.templatesecapi.entrypoints.web.handler.model.ErrorAPITest" time="0.006"/>
</testsuite>